{"@timestamp":"2025-12-13T23:45:46.739402-04:00","@version":"1","message":"Starting DemoApplication using Java 17.0.12 with PID 11036 (G:\\prod_exa\\target\\classes started by pato in G:\\prod_exa)","logger_name":"com.example.demo.DemoApplication","thread_name":"main","level":"INFO","level_value":20000}
{"@timestamp":"2025-12-13T23:45:46.7594019-04:00","@version":"1","message":"No active profile set, falling back to 1 default profile: \"default\"","logger_name":"com.example.demo.DemoApplication","thread_name":"main","level":"INFO","level_value":20000}
{"@timestamp":"2025-12-13T23:45:48.4721077-04:00","@version":"1","message":"Tomcat initialized with port 8080 (http)","logger_name":"org.springframework.boot.web.embedded.tomcat.TomcatWebServer","thread_name":"main","level":"INFO","level_value":20000}
{"@timestamp":"2025-12-13T23:45:48.4891163-04:00","@version":"1","message":"Starting service [Tomcat]","logger_name":"org.apache.catalina.core.StandardService","thread_name":"main","level":"INFO","level_value":20000}
{"@timestamp":"2025-12-13T23:45:48.4901142-04:00","@version":"1","message":"Starting Servlet engine: [Apache Tomcat/10.1.36]","logger_name":"org.apache.catalina.core.StandardEngine","thread_name":"main","level":"INFO","level_value":20000}
{"@timestamp":"2025-12-13T23:45:48.5596252-04:00","@version":"1","message":"Initializing Spring embedded WebApplicationContext","logger_name":"org.apache.catalina.core.ContainerBase.[Tomcat].[localhost].[/]","thread_name":"main","level":"INFO","level_value":20000}
{"@timestamp":"2025-12-13T23:45:48.5596252-04:00","@version":"1","message":"Root WebApplicationContext: initialization completed in 1739 ms","logger_name":"org.springframework.boot.web.servlet.context.ServletWebServerApplicationContext","thread_name":"main","level":"INFO","level_value":20000}
{"@timestamp":"2025-12-13T23:45:49.5130615-04:00","@version":"1","message":"Tomcat started on port 8080 (http) with context path '/'","logger_name":"org.springframework.boot.web.embedded.tomcat.TomcatWebServer","thread_name":"main","level":"INFO","level_value":20000}
{"@timestamp":"2025-12-13T23:45:49.5832984-04:00","@version":"1","message":"Tomcat initialized with port 8081 (http)","logger_name":"org.springframework.boot.web.embedded.tomcat.TomcatWebServer","thread_name":"main","level":"INFO","level_value":20000}
{"@timestamp":"2025-12-13T23:45:49.5842971-04:00","@version":"1","message":"Starting service [Tomcat]","logger_name":"org.apache.catalina.core.StandardService","thread_name":"main","level":"INFO","level_value":20000}
{"@timestamp":"2025-12-13T23:45:49.5842971-04:00","@version":"1","message":"Starting Servlet engine: [Apache Tomcat/10.1.36]","logger_name":"org.apache.catalina.core.StandardEngine","thread_name":"main","level":"INFO","level_value":20000}
{"@timestamp":"2025-12-13T23:45:49.6091094-04:00","@version":"1","message":"Initializing Spring embedded WebApplicationContext","logger_name":"org.apache.catalina.core.ContainerBase.[Tomcat-1].[localhost].[/]","thread_name":"main","level":"INFO","level_value":20000}
{"@timestamp":"2025-12-13T23:45:49.6101119-04:00","@version":"1","message":"Root WebApplicationContext: initialization completed in 94 ms","logger_name":"org.springframework.boot.web.servlet.context.ServletWebServerApplicationContext","thread_name":"main","level":"INFO","level_value":20000}
{"@timestamp":"2025-12-13T23:45:49.6226869-04:00","@version":"1","message":"Exposing 4 endpoints beneath base path '/actuator'","logger_name":"org.springframework.boot.actuate.endpoint.web.EndpointLinksResolver","thread_name":"main","level":"INFO","level_value":20000}
{"@timestamp":"2025-12-13T23:45:49.6612628-04:00","@version":"1","message":"Tomcat started on port 8081 (http) with context path '/'","logger_name":"org.springframework.boot.web.embedded.tomcat.TomcatWebServer","thread_name":"main","level":"INFO","level_value":20000}
{"@timestamp":"2025-12-13T23:45:49.684112-04:00","@version":"1","message":"Started DemoApplication in 4.126 seconds (process running for 5.341)","logger_name":"com.example.demo.DemoApplication","thread_name":"main","level":"INFO","level_value":20000}
{"@timestamp":"2025-12-13T23:45:50.2035584-04:00","@version":"1","message":"Initializing Spring DispatcherServlet 'dispatcherServlet'","logger_name":"org.apache.catalina.core.ContainerBase.[Tomcat].[localhost].[/]","thread_name":"RMI TCP Connection(3)-172.18.48.1","level":"INFO","level_value":20000}
{"@timestamp":"2025-12-13T23:45:50.2035584-04:00","@version":"1","message":"Initializing Servlet 'dispatcherServlet'","logger_name":"org.springframework.web.servlet.DispatcherServlet","thread_name":"RMI TCP Connection(3)-172.18.48.1","level":"INFO","level_value":20000}
{"@timestamp":"2025-12-13T23:45:50.2061365-04:00","@version":"1","message":"Completed initialization in 1 ms","logger_name":"org.springframework.web.servlet.DispatcherServlet","thread_name":"RMI TCP Connection(3)-172.18.48.1","level":"INFO","level_value":20000}
{"@timestamp":"2025-12-13T23:46:05.3288073-04:00","@version":"1","message":"Commencing graceful shutdown. Waiting for active requests to complete","logger_name":"org.springframework.boot.web.embedded.tomcat.GracefulShutdown","thread_name":"SpringApplicationShutdownHook","level":"INFO","level_value":20000}
{"@timestamp":"2025-12-13T23:46:05.7195675-04:00","@version":"1","message":"Graceful shutdown complete","logger_name":"org.springframework.boot.web.embedded.tomcat.GracefulShutdown","thread_name":"tomcat-shutdown","level":"INFO","level_value":20000}
{"@timestamp":"2025-12-13T23:46:05.7205682-04:00","@version":"1","message":"Commencing graceful shutdown. Waiting for active requests to complete","logger_name":"org.springframework.boot.web.embedded.tomcat.GracefulShutdown","thread_name":"SpringApplicationShutdownHook","level":"INFO","level_value":20000}
{"@timestamp":"2025-12-13T23:46:06.1483642-04:00","@version":"1","message":"Graceful shutdown complete","logger_name":"org.springframework.boot.web.embedded.tomcat.GracefulShutdown","thread_name":"tomcat-shutdown","level":"INFO","level_value":20000}
{"@timestamp":"2025-12-13T23:46:19.1942926-04:00","@version":"1","message":"Starting DemoApplication using Java 17.0.12 with PID 8716 (G:\\prod_exa\\target\\classes started by pato in G:\\prod_exa)","logger_name":"com.example.demo.DemoApplication","thread_name":"main","level":"INFO","level_value":20000}
{"@timestamp":"2025-12-13T23:46:19.2142943-04:00","@version":"1","message":"No active profile set, falling back to 1 default profile: \"default\"","logger_name":"com.example.demo.DemoApplication","thread_name":"main","level":"INFO","level_value":20000}
{"@timestamp":"2025-12-13T23:46:20.762224-04:00","@version":"1","message":"Tomcat initialized with port 8080 (http)","logger_name":"org.springframework.boot.web.embedded.tomcat.TomcatWebServer","thread_name":"main","level":"INFO","level_value":20000}
{"@timestamp":"2025-12-13T23:46:20.7752744-04:00","@version":"1","message":"Starting service [Tomcat]","logger_name":"org.apache.catalina.core.StandardService","thread_name":"main","level":"INFO","level_value":20000}
{"@timestamp":"2025-12-13T23:46:20.7752744-04:00","@version":"1","message":"Starting Servlet engine: [Apache Tomcat/10.1.36]","logger_name":"org.apache.catalina.core.StandardEngine","thread_name":"main","level":"INFO","level_value":20000}
{"@timestamp":"2025-12-13T23:46:20.8349664-04:00","@version":"1","message":"Initializing Spring embedded WebApplicationContext","logger_name":"org.apache.catalina.core.ContainerBase.[Tomcat].[localhost].[/]","thread_name":"main","level":"INFO","level_value":20000}
{"@timestamp":"2025-12-13T23:46:20.8349664-04:00","@version":"1","message":"Root WebApplicationContext: initialization completed in 1555 ms","logger_name":"org.springframework.boot.web.servlet.context.ServletWebServerApplicationContext","thread_name":"main","level":"INFO","level_value":20000}
{"@timestamp":"2025-12-13T23:46:21.9745608-04:00","@version":"1","message":"Tomcat started on port 8080 (http) with context path '/'","logger_name":"org.springframework.boot.web.embedded.tomcat.TomcatWebServer","thread_name":"main","level":"INFO","level_value":20000}
{"@timestamp":"2025-12-13T23:46:22.0692121-04:00","@version":"1","message":"Tomcat initialized with port 8081 (http)","logger_name":"org.springframework.boot.web.embedded.tomcat.TomcatWebServer","thread_name":"main","level":"INFO","level_value":20000}
{"@timestamp":"2025-12-13T23:46:22.0702143-04:00","@version":"1","message":"Starting service [Tomcat]","logger_name":"org.apache.catalina.core.StandardService","thread_name":"main","level":"INFO","level_value":20000}
{"@timestamp":"2025-12-13T23:46:22.0712124-04:00","@version":"1","message":"Starting Servlet engine: [Apache Tomcat/10.1.36]","logger_name":"org.apache.catalina.core.StandardEngine","thread_name":"main","level":"INFO","level_value":20000}
{"@timestamp":"2025-12-13T23:46:22.0992078-04:00","@version":"1","message":"Initializing Spring embedded WebApplicationContext","logger_name":"org.apache.catalina.core.ContainerBase.[Tomcat-1].[localhost].[/]","thread_name":"main","level":"INFO","level_value":20000}
{"@timestamp":"2025-12-13T23:46:22.0992078-04:00","@version":"1","message":"Root WebApplicationContext: initialization completed in 121 ms","logger_name":"org.springframework.boot.web.servlet.context.ServletWebServerApplicationContext","thread_name":"main","level":"INFO","level_value":20000}
{"@timestamp":"2025-12-13T23:46:22.113211-04:00","@version":"1","message":"Exposing 4 endpoints beneath base path '/actuator'","logger_name":"org.springframework.boot.actuate.endpoint.web.EndpointLinksResolver","thread_name":"main","level":"INFO","level_value":20000}
{"@timestamp":"2025-12-13T23:46:22.1442101-04:00","@version":"1","message":"Tomcat started on port 8081 (http) with context path '/'","logger_name":"org.springframework.boot.web.embedded.tomcat.TomcatWebServer","thread_name":"main","level":"INFO","level_value":20000}
{"@timestamp":"2025-12-13T23:46:22.1592083-04:00","@version":"1","message":"Started DemoApplication in 3.871 seconds (process running for 5.012)","logger_name":"com.example.demo.DemoApplication","thread_name":"main","level":"INFO","level_value":20000}
{"@timestamp":"2025-12-13T23:46:22.5836661-04:00","@version":"1","message":"Initializing Spring DispatcherServlet 'dispatcherServlet'","logger_name":"org.apache.catalina.core.ContainerBase.[Tomcat].[localhost].[/]","thread_name":"RMI TCP Connection(3)-172.18.48.1","level":"INFO","level_value":20000}
{"@timestamp":"2025-12-13T23:46:22.5836661-04:00","@version":"1","message":"Initializing Servlet 'dispatcherServlet'","logger_name":"org.springframework.web.servlet.DispatcherServlet","thread_name":"RMI TCP Connection(3)-172.18.48.1","level":"INFO","level_value":20000}
{"@timestamp":"2025-12-13T23:46:22.5866672-04:00","@version":"1","message":"Completed initialization in 1 ms","logger_name":"org.springframework.web.servlet.DispatcherServlet","thread_name":"RMI TCP Connection(3)-172.18.48.1","level":"INFO","level_value":20000}
{"@timestamp":"2025-12-13T23:46:57.6780123-04:00","@version":"1","message":"Commencing graceful shutdown. Waiting for active requests to complete","logger_name":"org.springframework.boot.web.embedded.tomcat.GracefulShutdown","thread_name":"SpringApplicationShutdownHook","level":"INFO","level_value":20000}
{"@timestamp":"2025-12-13T23:46:57.9178604-04:00","@version":"1","message":"Graceful shutdown complete","logger_name":"org.springframework.boot.web.embedded.tomcat.GracefulShutdown","thread_name":"tomcat-shutdown","level":"INFO","level_value":20000}
{"@timestamp":"2025-12-13T23:46:57.9188746-04:00","@version":"1","message":"Commencing graceful shutdown. Waiting for active requests to complete","logger_name":"org.springframework.boot.web.embedded.tomcat.GracefulShutdown","thread_name":"SpringApplicationShutdownHook","level":"INFO","level_value":20000}
{"@timestamp":"2025-12-13T23:46:58.390565-04:00","@version":"1","message":"Graceful shutdown complete","logger_name":"org.springframework.boot.web.embedded.tomcat.GracefulShutdown","thread_name":"tomcat-shutdown","level":"INFO","level_value":20000}
{"@timestamp":"2025-12-13T23:47:31.6272991-04:00","@version":"1","message":"Starting DemoApplication using Java 17.0.12 with PID 15928 (G:\\prod_exa\\target\\classes started by pato in G:\\prod_exa)","logger_name":"com.example.demo.DemoApplication","thread_name":"main","level":"INFO","level_value":20000}
{"@timestamp":"2025-12-13T23:47:31.6472938-04:00","@version":"1","message":"No active profile set, falling back to 1 default profile: \"default\"","logger_name":"com.example.demo.DemoApplication","thread_name":"main","level":"INFO","level_value":20000}
{"@timestamp":"2025-12-13T23:47:32.9329198-04:00","@version":"1","message":"Tomcat initialized with port 8080 (http)","logger_name":"org.springframework.boot.web.embedded.tomcat.TomcatWebServer","thread_name":"main","level":"INFO","level_value":20000}
{"@timestamp":"2025-12-13T23:47:32.9449186-04:00","@version":"1","message":"Starting service [Tomcat]","logger_name":"org.apache.catalina.core.StandardService","thread_name":"main","level":"INFO","level_value":20000}
{"@timestamp":"2025-12-13T23:47:32.9449186-04:00","@version":"1","message":"Starting Servlet engine: [Apache Tomcat/10.1.36]","logger_name":"org.apache.catalina.core.StandardEngine","thread_name":"main","level":"INFO","level_value":20000}
{"@timestamp":"2025-12-13T23:47:33.0019226-04:00","@version":"1","message":"Initializing Spring embedded WebApplicationContext","logger_name":"org.apache.catalina.core.ContainerBase.[Tomcat].[localhost].[/]","thread_name":"main","level":"INFO","level_value":20000}
{"@timestamp":"2025-12-13T23:47:33.0019226-04:00","@version":"1","message":"Root WebApplicationContext: initialization completed in 1293 ms","logger_name":"org.springframework.boot.web.servlet.context.ServletWebServerApplicationContext","thread_name":"main","level":"INFO","level_value":20000}
{"@timestamp":"2025-12-13T23:47:33.9362351-04:00","@version":"1","message":"Tomcat started on port 8080 (http) with context path '/'","logger_name":"org.springframework.boot.web.embedded.tomcat.TomcatWebServer","thread_name":"main","level":"INFO","level_value":20000}
{"@timestamp":"2025-12-13T23:47:34.0101062-04:00","@version":"1","message":"Tomcat initialized with port 8081 (http)","logger_name":"org.springframework.boot.web.embedded.tomcat.TomcatWebServer","thread_name":"main","level":"INFO","level_value":20000}
{"@timestamp":"2025-12-13T23:47:34.0111109-04:00","@version":"1","message":"Starting service [Tomcat]","logger_name":"org.apache.catalina.core.StandardService","thread_name":"main","level":"INFO","level_value":20000}
{"@timestamp":"2025-12-13T23:47:34.0121055-04:00","@version":"1","message":"Starting Servlet engine: [Apache Tomcat/10.1.36]","logger_name":"org.apache.catalina.core.StandardEngine","thread_name":"main","level":"INFO","level_value":20000}
{"@timestamp":"2025-12-13T23:47:34.0541242-04:00","@version":"1","message":"Initializing Spring embedded WebApplicationContext","logger_name":"org.apache.catalina.core.ContainerBase.[Tomcat-1].[localhost].[/]","thread_name":"main","level":"INFO","level_value":20000}
{"@timestamp":"2025-12-13T23:47:34.0541242-04:00","@version":"1","message":"Root WebApplicationContext: initialization completed in 115 ms","logger_name":"org.springframework.boot.web.servlet.context.ServletWebServerApplicationContext","thread_name":"main","level":"INFO","level_value":20000}
{"@timestamp":"2025-12-13T23:47:34.0698546-04:00","@version":"1","message":"Exposing 4 endpoints beneath base path '/actuator'","logger_name":"org.springframework.boot.actuate.endpoint.web.EndpointLinksResolver","thread_name":"main","level":"INFO","level_value":20000}
{"@timestamp":"2025-12-13T23:47:34.1069636-04:00","@version":"1","message":"Tomcat started on port 8081 (http) with context path '/'","logger_name":"org.springframework.boot.web.embedded.tomcat.TomcatWebServer","thread_name":"main","level":"INFO","level_value":20000}
{"@timestamp":"2025-12-13T23:47:34.1229618-04:00","@version":"1","message":"Started DemoApplication in 3.492 seconds (process running for 4.29)","logger_name":"com.example.demo.DemoApplication","thread_name":"main","level":"INFO","level_value":20000}
{"@timestamp":"2025-12-13T23:47:34.7440076-04:00","@version":"1","message":"Initializing Spring DispatcherServlet 'dispatcherServlet'","logger_name":"org.apache.catalina.core.ContainerBase.[Tomcat].[localhost].[/]","thread_name":"RMI TCP Connection(3)-172.18.48.1","level":"INFO","level_value":20000}
{"@timestamp":"2025-12-13T23:47:34.7440076-04:00","@version":"1","message":"Initializing Servlet 'dispatcherServlet'","logger_name":"org.springframework.web.servlet.DispatcherServlet","thread_name":"RMI TCP Connection(3)-172.18.48.1","level":"INFO","level_value":20000}
{"@timestamp":"2025-12-13T23:47:34.7465906-04:00","@version":"1","message":"Completed initialization in 2 ms","logger_name":"org.springframework.web.servlet.DispatcherServlet","thread_name":"RMI TCP Connection(3)-172.18.48.1","level":"INFO","level_value":20000}
{"@timestamp":"2025-12-13T23:47:56.4578087-04:00","@version":"1","message":"Commencing graceful shutdown. Waiting for active requests to complete","logger_name":"org.springframework.boot.web.embedded.tomcat.GracefulShutdown","thread_name":"SpringApplicationShutdownHook","level":"INFO","level_value":20000}
{"@timestamp":"2025-12-13T23:47:56.7172239-04:00","@version":"1","message":"Graceful shutdown complete","logger_name":"org.springframework.boot.web.embedded.tomcat.GracefulShutdown","thread_name":"tomcat-shutdown","level":"INFO","level_value":20000}
{"@timestamp":"2025-12-13T23:47:56.7182268-04:00","@version":"1","message":"Commencing graceful shutdown. Waiting for active requests to complete","logger_name":"org.springframework.boot.web.embedded.tomcat.GracefulShutdown","thread_name":"SpringApplicationShutdownHook","level":"INFO","level_value":20000}
{"@timestamp":"2025-12-13T23:47:57.0351108-04:00","@version":"1","message":"Graceful shutdown complete","logger_name":"org.springframework.boot.web.embedded.tomcat.GracefulShutdown","thread_name":"tomcat-shutdown","level":"INFO","level_value":20000}
{"@timestamp":"2025-12-13T23:48:29.3165555-04:00","@version":"1","message":"Starting DemoApplicationTests using Java 17.0.12 with PID 16636 (started by pato in G:\\prod_exa)","logger_name":"com.example.demo.DemoApplicationTests","thread_name":"main","level":"INFO","level_value":20000}
{"@timestamp":"2025-12-13T23:48:29.3368505-04:00","@version":"1","message":"No active profile set, falling back to 1 default profile: \"default\"","logger_name":"com.example.demo.DemoApplicationTests","thread_name":"main","level":"INFO","level_value":20000}
{"@timestamp":"2025-12-13T23:48:31.9944956-04:00","@version":"1","message":"Started DemoApplicationTests in 3.482 seconds (process running for 4.96)","logger_name":"com.example.demo.DemoApplicationTests","thread_name":"main","level":"INFO","level_value":20000}
{"@timestamp":"2025-12-13T23:49:31.9059673-04:00","@version":"1","message":"Starting DemoApplication using Java 17.0.12 with PID 15852 (G:\\prod_exa\\target\\classes started by pato in G:\\prod_exa)","logger_name":"com.example.demo.DemoApplication","thread_name":"main","level":"INFO","level_value":20000}
{"@timestamp":"2025-12-13T23:49:31.925588-04:00","@version":"1","message":"No active profile set, falling back to 1 default profile: \"default\"","logger_name":"com.example.demo.DemoApplication","thread_name":"main","level":"INFO","level_value":20000}
{"@timestamp":"2025-12-13T23:49:33.2365871-04:00","@version":"1","message":"Tomcat initialized with port 8080 (http)","logger_name":"org.springframework.boot.web.embedded.tomcat.TomcatWebServer","thread_name":"main","level":"INFO","level_value":20000}
{"@timestamp":"2025-12-13T23:49:33.2485883-04:00","@version":"1","message":"Starting service [Tomcat]","logger_name":"org.apache.catalina.core.StandardService","thread_name":"main","level":"INFO","level_value":20000}
{"@timestamp":"2025-12-13T23:49:33.2495872-04:00","@version":"1","message":"Starting Servlet engine: [Apache Tomcat/10.1.36]","logger_name":"org.apache.catalina.core.StandardEngine","thread_name":"main","level":"INFO","level_value":20000}
{"@timestamp":"2025-12-13T23:49:33.3076367-04:00","@version":"1","message":"Initializing Spring embedded WebApplicationContext","logger_name":"org.apache.catalina.core.ContainerBase.[Tomcat].[localhost].[/]","thread_name":"main","level":"INFO","level_value":20000}
{"@timestamp":"2025-12-13T23:49:33.3086362-04:00","@version":"1","message":"Root WebApplicationContext: initialization completed in 1321 ms","logger_name":"org.springframework.boot.web.servlet.context.ServletWebServerApplicationContext","thread_name":"main","level":"INFO","level_value":20000}
{"@timestamp":"2025-12-13T23:49:34.2046873-04:00","@version":"1","message":"Tomcat started on port 8080 (http) with context path '/'","logger_name":"org.springframework.boot.web.embedded.tomcat.TomcatWebServer","thread_name":"main","level":"INFO","level_value":20000}
{"@timestamp":"2025-12-13T23:49:34.2920997-04:00","@version":"1","message":"Tomcat initialized with port 8081 (http)","logger_name":"org.springframework.boot.web.embedded.tomcat.TomcatWebServer","thread_name":"main","level":"INFO","level_value":20000}
{"@timestamp":"2025-12-13T23:49:34.2930994-04:00","@version":"1","message":"Starting service [Tomcat]","logger_name":"org.apache.catalina.core.StandardService","thread_name":"main","level":"INFO","level_value":20000}
{"@timestamp":"2025-12-13T23:49:34.2930994-04:00","@version":"1","message":"Starting Servlet engine: [Apache Tomcat/10.1.36]","logger_name":"org.apache.catalina.core.StandardEngine","thread_name":"main","level":"INFO","level_value":20000}
{"@timestamp":"2025-12-13T23:49:34.3160798-04:00","@version":"1","message":"Initializing Spring embedded WebApplicationContext","logger_name":"org.apache.catalina.core.ContainerBase.[Tomcat-1].[localhost].[/]","thread_name":"main","level":"INFO","level_value":20000}
{"@timestamp":"2025-12-13T23:49:34.3160798-04:00","@version":"1","message":"Root WebApplicationContext: initialization completed in 109 ms","logger_name":"org.springframework.boot.web.servlet.context.ServletWebServerApplicationContext","thread_name":"main","level":"INFO","level_value":20000}
{"@timestamp":"2025-12-13T23:49:34.3296909-04:00","@version":"1","message":"Exposing 4 endpoints beneath base path '/actuator'","logger_name":"org.springframework.boot.actuate.endpoint.web.EndpointLinksResolver","thread_name":"main","level":"INFO","level_value":20000}
{"@timestamp":"2025-12-13T23:49:34.361856-04:00","@version":"1","message":"Tomcat started on port 8081 (http) with context path '/'","logger_name":"org.springframework.boot.web.embedded.tomcat.TomcatWebServer","thread_name":"main","level":"INFO","level_value":20000}
{"@timestamp":"2025-12-13T23:49:34.3807679-04:00","@version":"1","message":"Started DemoApplication in 3.413 seconds (process running for 4.203)","logger_name":"com.example.demo.DemoApplication","thread_name":"main","level":"INFO","level_value":20000}
{"@timestamp":"2025-12-13T23:49:35.0326866-04:00","@version":"1","message":"Initializing Spring DispatcherServlet 'dispatcherServlet'","logger_name":"org.apache.catalina.core.ContainerBase.[Tomcat].[localhost].[/]","thread_name":"RMI TCP Connection(2)-172.18.48.1","level":"INFO","level_value":20000}
{"@timestamp":"2025-12-13T23:49:35.0337425-04:00","@version":"1","message":"Initializing Servlet 'dispatcherServlet'","logger_name":"org.springframework.web.servlet.DispatcherServlet","thread_name":"RMI TCP Connection(2)-172.18.48.1","level":"INFO","level_value":20000}
{"@timestamp":"2025-12-13T23:49:35.0342684-04:00","@version":"1","message":"Completed initialization in 1 ms","logger_name":"org.springframework.web.servlet.DispatcherServlet","thread_name":"RMI TCP Connection(2)-172.18.48.1","level":"INFO","level_value":20000}
{"@timestamp":"2025-12-13T23:49:55.0094906-04:00","@version":"1","message":"Commencing graceful shutdown. Waiting for active requests to complete","logger_name":"org.springframework.boot.web.embedded.tomcat.GracefulShutdown","thread_name":"SpringApplicationShutdownHook","level":"INFO","level_value":20000}
{"@timestamp":"2025-12-13T23:49:55.2418987-04:00","@version":"1","message":"Graceful shutdown complete","logger_name":"org.springframework.boot.web.embedded.tomcat.GracefulShutdown","thread_name":"tomcat-shutdown","level":"INFO","level_value":20000}
{"@timestamp":"2025-12-13T23:49:55.2428971-04:00","@version":"1","message":"Commencing graceful shutdown. Waiting for active requests to complete","logger_name":"org.springframework.boot.web.embedded.tomcat.GracefulShutdown","thread_name":"SpringApplicationShutdownHook","level":"INFO","level_value":20000}
{"@timestamp":"2025-12-13T23:49:55.5491533-04:00","@version":"1","message":"Graceful shutdown complete","logger_name":"org.springframework.boot.web.embedded.tomcat.GracefulShutdown","thread_name":"tomcat-shutdown","level":"INFO","level_value":20000}
